<?xml version="1.0" encoding="utf-8"?>
<TestRun id="37cfb3ee-f2f0-4023-bd59-0d17282a2d32" name="fokko@F-HOME 2024-06-29 15:36:52" runUser="F-HOME\fokko" xmlns="http://microsoft.com/schemas/VisualStudio/TeamTest/2010">
  <Times creation="2024-06-29T15:36:52.5275482+02:00" queuing="2024-06-29T15:36:52.5275484+02:00" start="2024-06-29T15:36:51.7773648+02:00" finish="2024-06-29T15:36:52.6013783+02:00" />
  <TestSettings name="default" id="cc7320b7-c658-446d-b8ac-9ee33c7392b9">
    <Deployment runDeploymentRoot="fokko_F-HOME_2024-06-29_15_36_52" />
  </TestSettings>
  <Results>
    <UnitTestResult executionId="75469499-29ce-4cea-b487-816d5ed3099f" testId="02c64f66-f4e0-3075-dbfd-4dcbfba4d4ce" testName="SaveUp.Tests.LoginApp.ViewModels.RegisterViewModelTests.Register_PasswordsMatch_CallsRegister" computerName="F-HOME" duration="00:00:00.0027430" startTime="2024-06-29T15:36:52.5482362+02:00" endTime="2024-06-29T15:36:52.5482363+02:00" testType="13cdc9d9-ddb5-4fa4-a97d-d965ccfc6d4b" outcome="Passed" testListId="8c84fa94-04c1-424b-9868-57a2d4851a1d" relativeResultsDirectory="75469499-29ce-4cea-b487-816d5ed3099f" />
    <UnitTestResult executionId="2750779d-c575-43b2-a43f-c3704636a88a" testId="18f8e8c6-8717-a98e-8e4b-9ae1c1c5c301" testName="SaveUp.Tests.ViewModels.HomeDetailsViewModelTests.DeleteCommand_ExecutesDelete" computerName="F-HOME" duration="00:00:00.1436955" startTime="2024-06-29T15:36:52.5454686+02:00" endTime="2024-06-29T15:36:52.5454687+02:00" testType="13cdc9d9-ddb5-4fa4-a97d-d965ccfc6d4b" outcome="Passed" testListId="8c84fa94-04c1-424b-9868-57a2d4851a1d" relativeResultsDirectory="2750779d-c575-43b2-a43f-c3704636a88a" />
    <UnitTestResult executionId="708dab3c-d5cb-4aef-a4ed-0224ed565e72" testId="998e869f-5047-08b3-0698-baa62a557dcd" testName="SaveUp.Tests.ViewModels.SettingsViewModelTests.Should_Change_Language" computerName="F-HOME" duration="00:00:00.0003002" startTime="2024-06-29T15:36:52.5398469+02:00" endTime="2024-06-29T15:36:52.5398470+02:00" testType="13cdc9d9-ddb5-4fa4-a97d-d965ccfc6d4b" outcome="Passed" testListId="8c84fa94-04c1-424b-9868-57a2d4851a1d" relativeResultsDirectory="708dab3c-d5cb-4aef-a4ed-0224ed565e72" />
    <UnitTestResult executionId="d147036d-0a7f-4f8e-bbad-02cdc3e65ee7" testId="ae092b6d-ffdd-0ddc-95e8-b5a4ac665470" testName="SaveUp.Tests.LoginApp.ViewModels.LoginViewModelTests.ResetLoginState_ResetsState" computerName="F-HOME" duration="00:00:00.0004092" startTime="2024-06-29T15:36:52.5500677+02:00" endTime="2024-06-29T15:36:52.5500677+02:00" testType="13cdc9d9-ddb5-4fa4-a97d-d965ccfc6d4b" outcome="Passed" testListId="8c84fa94-04c1-424b-9868-57a2d4851a1d" relativeResultsDirectory="d147036d-0a7f-4f8e-bbad-02cdc3e65ee7" />
    <UnitTestResult executionId="0b25a242-bf39-4558-bf8d-e5a733f815ba" testId="df5dec12-4119-c77c-cf79-2811b15f7597" testName="SaveUp.Tests.LoginApp.ViewModels.LoginViewModelTests.LoginCommand_FailedLogin_ShowsError" computerName="F-HOME" duration="00:00:00.0051189" startTime="2024-06-29T15:36:52.5495943+02:00" endTime="2024-06-29T15:36:52.5495943+02:00" testType="13cdc9d9-ddb5-4fa4-a97d-d965ccfc6d4b" outcome="Passed" testListId="8c84fa94-04c1-424b-9868-57a2d4851a1d" relativeResultsDirectory="0b25a242-bf39-4558-bf8d-e5a733f815ba" />
    <UnitTestResult executionId="03d074b5-88b9-4308-b93a-afa0bb42b62b" testId="09cc2168-599f-5394-db2e-aed487f4224a" testName="SaveUp.Tests.LoginApp.ViewModels.LoginViewModelTests.GotoRegister_NavigatesToRegister" computerName="F-HOME" duration="00:00:00.0037352" startTime="2024-06-29T15:36:52.5444234+02:00" endTime="2024-06-29T15:36:52.5444235+02:00" testType="13cdc9d9-ddb5-4fa4-a97d-d965ccfc6d4b" outcome="Passed" testListId="8c84fa94-04c1-424b-9868-57a2d4851a1d" relativeResultsDirectory="03d074b5-88b9-4308-b93a-afa0bb42b62b" />
    <UnitTestResult executionId="35c6645a-cf99-4ef9-a6e1-a43e73112141" testId="d3755621-628a-73f0-9582-e2b9d5e254a8" testName="SaveUp.Tests.Models.HttpResponseTests.HttpResponse_Success" computerName="F-HOME" duration="00:00:00.0002618" startTime="2024-06-29T15:36:52.5176712+02:00" endTime="2024-06-29T15:36:52.5176713+02:00" testType="13cdc9d9-ddb5-4fa4-a97d-d965ccfc6d4b" outcome="Passed" testListId="8c84fa94-04c1-424b-9868-57a2d4851a1d" relativeResultsDirectory="35c6645a-cf99-4ef9-a6e1-a43e73112141" />
    <UnitTestResult executionId="0ab339ae-a8bb-4a5e-80b4-bcd3476f6fe6" testId="00e3f4f1-a9b6-0f1f-50aa-5fcc1d3a6518" testName="SaveUp.Tests.LoginApp.ViewModels.RegisterViewModelTests.OnConfirmPasswordChange_PasswordsDoNotMatch_ShowsAlert" computerName="F-HOME" duration="00:00:00.0006574" startTime="2024-06-29T15:36:52.5454389+02:00" endTime="2024-06-29T15:36:52.5454389+02:00" testType="13cdc9d9-ddb5-4fa4-a97d-d965ccfc6d4b" outcome="Passed" testListId="8c84fa94-04c1-424b-9868-57a2d4851a1d" relativeResultsDirectory="0ab339ae-a8bb-4a5e-80b4-bcd3476f6fe6" />
    <UnitTestResult executionId="6cc6a13f-d150-45e4-94a2-4a0525cc814b" testId="472f5cc6-cc03-cf42-f12a-aef952eea450" testName="SaveUp.Tests.LoginApp.ViewModels.RegisterViewModelTests.Register_PasswordsDoNotMatch_DoesNotCallRegister" computerName="F-HOME" duration="00:00:00.1429275" startTime="2024-06-29T15:36:52.5447195+02:00" endTime="2024-06-29T15:36:52.5447196+02:00" testType="13cdc9d9-ddb5-4fa4-a97d-d965ccfc6d4b" outcome="Passed" testListId="8c84fa94-04c1-424b-9868-57a2d4851a1d" relativeResultsDirectory="6cc6a13f-d150-45e4-94a2-4a0525cc814b" />
    <UnitTestResult executionId="c153123d-7b2c-4641-9260-986e16989741" testId="0396b1b8-7ef8-8f56-6c31-2484b07c4613" testName="SaveUp.Tests.ViewModels.AddViewModelTests.Add_ValidItem_ShouldResetFieldsAndShowAlert" computerName="F-HOME" duration="00:00:00.0065230" startTime="2024-06-29T15:36:52.5414059+02:00" endTime="2024-06-29T15:36:52.5414060+02:00" testType="13cdc9d9-ddb5-4fa4-a97d-d965ccfc6d4b" outcome="Passed" testListId="8c84fa94-04c1-424b-9868-57a2d4851a1d" relativeResultsDirectory="c153123d-7b2c-4641-9260-986e16989741" />
    <UnitTestResult executionId="8574c2cf-4979-4386-bc46-d3a7fdbfc8b8" testId="e78b9a29-a530-eab8-47ca-d294f6b0b7fa" testName="SaveUp.Tests.ViewModels.AboutViewModelTests.OpenUrl_InvalidUrl_DoesNotOpenUrl" computerName="F-HOME" duration="00:00:00.0157161" startTime="2024-06-29T15:36:52.5106648+02:00" endTime="2024-06-29T15:36:52.5106650+02:00" testType="13cdc9d9-ddb5-4fa4-a97d-d965ccfc6d4b" outcome="Passed" testListId="8c84fa94-04c1-424b-9868-57a2d4851a1d" relativeResultsDirectory="8574c2cf-4979-4386-bc46-d3a7fdbfc8b8" />
    <UnitTestResult executionId="d456f6df-72ba-423d-8d3e-6e0cc556f8bd" testId="2d788a34-3f59-eb26-d3ea-ec2b1fff4262" testName="SaveUp.Tests.LoginApp.ViewModels.LoginViewModelTests.GotoPasswordReset_ShowsComingSoonMessage" computerName="F-HOME" duration="00:00:00.1388694" startTime="2024-06-29T15:36:52.5406293+02:00" endTime="2024-06-29T15:36:52.5406293+02:00" testType="13cdc9d9-ddb5-4fa4-a97d-d965ccfc6d4b" outcome="Passed" testListId="8c84fa94-04c1-424b-9868-57a2d4851a1d" relativeResultsDirectory="d456f6df-72ba-423d-8d3e-6e0cc556f8bd" />
    <UnitTestResult executionId="37d287e8-fe2d-4f46-a2ee-f0af8ed85d1c" testId="16633bb6-ca24-9ce7-f8bc-f6a004552aed" testName="SaveUp.Tests.Services.StorageServiceTests.StoreUser_ShouldStoreUserCorrectly" computerName="F-HOME" duration="00:00:00.0001294" startTime="2024-06-29T15:36:52.4972969+02:00" endTime="2024-06-29T15:36:52.4972969+02:00" testType="13cdc9d9-ddb5-4fa4-a97d-d965ccfc6d4b" outcome="Passed" testListId="8c84fa94-04c1-424b-9868-57a2d4851a1d" relativeResultsDirectory="37d287e8-fe2d-4f46-a2ee-f0af8ed85d1c" />
    <UnitTestResult executionId="f81ac176-6bca-4750-9aaa-bc5058c9a0d9" testId="14d10e22-138e-1532-1f6e-6a653a369560" testName="SaveUp.Tests.Models.HttpResponseTests.HttpResponse_Failure" computerName="F-HOME" duration="00:00:00.0881136" startTime="2024-06-29T15:36:52.4963206+02:00" endTime="2024-06-29T15:36:52.4963207+02:00" testType="13cdc9d9-ddb5-4fa4-a97d-d965ccfc6d4b" outcome="Passed" testListId="8c84fa94-04c1-424b-9868-57a2d4851a1d" relativeResultsDirectory="f81ac176-6bca-4750-9aaa-bc5058c9a0d9" />
    <UnitTestResult executionId="1454a2d5-1147-441b-8c37-d3f4399ff351" testId="b23c6d3b-8c2b-e7d4-0639-f1ffcc688a3c" testName="SaveUp.Tests.ViewModels.SettingsViewModelTests.Should_Change_Currency" computerName="F-HOME" duration="00:00:00.0001897" startTime="2024-06-29T15:36:52.5430992+02:00" endTime="2024-06-29T15:36:52.5430993+02:00" testType="13cdc9d9-ddb5-4fa4-a97d-d965ccfc6d4b" outcome="Passed" testListId="8c84fa94-04c1-424b-9868-57a2d4851a1d" relativeResultsDirectory="1454a2d5-1147-441b-8c37-d3f4399ff351" />
    <UnitTestResult executionId="0ec88f0a-f4f2-49f7-b5ba-643305369dc7" testId="dccbaad6-38e9-bd12-e8f6-d2fdfdac5689" testName="SaveUp.Tests.Common.AuthManagerTests.RemovePropertiesCorrectlyOnLogout" computerName="F-HOME" duration="00:00:00.0860474" startTime="2024-06-29T15:36:52.4935121+02:00" endTime="2024-06-29T15:36:52.4935393+02:00" testType="13cdc9d9-ddb5-4fa4-a97d-d965ccfc6d4b" outcome="Passed" testListId="8c84fa94-04c1-424b-9868-57a2d4851a1d" relativeResultsDirectory="0ec88f0a-f4f2-49f7-b5ba-643305369dc7" />
    <UnitTestResult executionId="362ca0fc-a1eb-437a-8945-5cd3df87e180" testId="833ffe1d-9f65-9893-663d-d5fd109cda8f" testName="SaveUp.Tests.ViewModels.SettingsViewModelTests.Should_Initialize_SettingsViewModel" computerName="F-HOME" duration="00:00:00.0001490" startTime="2024-06-29T15:36:52.5400282+02:00" endTime="2024-06-29T15:36:52.5400283+02:00" testType="13cdc9d9-ddb5-4fa4-a97d-d965ccfc6d4b" outcome="Passed" testListId="8c84fa94-04c1-424b-9868-57a2d4851a1d" relativeResultsDirectory="362ca0fc-a1eb-437a-8945-5cd3df87e180" />
    <UnitTestResult executionId="26880f5d-c327-4213-83db-55cb2e1395ba" testId="2932998f-f71c-04bb-c4fd-ee07ecce435f" testName="SaveUp.Tests.Common.AuthManagerTests.SetPropertiesCorrectlyOnLogin" computerName="F-HOME" duration="00:00:00.0006156" startTime="2024-06-29T15:36:52.5105133+02:00" endTime="2024-06-29T15:36:52.5105135+02:00" testType="13cdc9d9-ddb5-4fa4-a97d-d965ccfc6d4b" outcome="Passed" testListId="8c84fa94-04c1-424b-9868-57a2d4851a1d" relativeResultsDirectory="26880f5d-c327-4213-83db-55cb2e1395ba" />
    <UnitTestResult executionId="a30894fa-060d-4c6d-9475-e30bdd1ff18e" testId="b5b6db2d-dabf-1798-ed1f-6045c382076c" testName="SaveUp.Tests.ViewModels.AddViewModelTests.Add_ApiError_ShouldShowAlertWithErrorMessage" computerName="F-HOME" duration="00:00:00.0015936" startTime="2024-06-29T15:36:52.5441800+02:00" endTime="2024-06-29T15:36:52.5441802+02:00" testType="13cdc9d9-ddb5-4fa4-a97d-d965ccfc6d4b" outcome="Passed" testListId="8c84fa94-04c1-424b-9868-57a2d4851a1d" relativeResultsDirectory="a30894fa-060d-4c6d-9475-e30bdd1ff18e" />
    <UnitTestResult executionId="60d94af8-959f-469c-afa2-5c024855b5fd" testId="f256a72e-9602-6cea-c882-967cbfae1755" testName="SaveUp.Tests.Common.AuthManagerTests.LoginChanged_CalledOnLogout" computerName="F-HOME" duration="00:00:00.0022819" startTime="2024-06-29T15:36:52.4973268+02:00" endTime="2024-06-29T15:36:52.4973268+02:00" testType="13cdc9d9-ddb5-4fa4-a97d-d965ccfc6d4b" outcome="Passed" testListId="8c84fa94-04c1-424b-9868-57a2d4851a1d" relativeResultsDirectory="60d94af8-959f-469c-afa2-5c024855b5fd" />
    <UnitTestResult executionId="d3efe370-69ed-4dda-903e-f88b3984dbed" testId="9f12a951-11fe-1c0c-0e7f-57ff885dad10" testName="SaveUp.Tests.ViewModels.AddViewModelTests.Add_InvalidPrice_ShouldShowAlert" computerName="F-HOME" duration="00:00:00.0011136" startTime="2024-06-29T15:36:52.5425695+02:00" endTime="2024-06-29T15:36:52.5425695+02:00" testType="13cdc9d9-ddb5-4fa4-a97d-d965ccfc6d4b" outcome="Passed" testListId="8c84fa94-04c1-424b-9868-57a2d4851a1d" relativeResultsDirectory="d3efe370-69ed-4dda-903e-f88b3984dbed" />
    <UnitTestResult executionId="e1b78a20-f326-41d9-b739-9979e0a20fee" testId="a4bf3ea2-75a8-84b6-e4dc-453213bd71ec" testName="SaveUp.Tests.LoginApp.ViewModels.LoginViewModelTests.LoginCommand_SuccessfulLogin" computerName="F-HOME" duration="00:00:00.0041082" startTime="2024-06-29T15:36:52.5542364+02:00" endTime="2024-06-29T15:36:52.5542365+02:00" testType="13cdc9d9-ddb5-4fa4-a97d-d965ccfc6d4b" outcome="Passed" testListId="8c84fa94-04c1-424b-9868-57a2d4851a1d" relativeResultsDirectory="e1b78a20-f326-41d9-b739-9979e0a20fee" />
    <UnitTestResult executionId="3cd59cfb-69f1-4842-8de0-b15044552ff5" testId="2b58f2d0-547d-2107-3a91-0c8d5d545cf0" testName="SaveUp.Tests.LoginApp.ViewModels.PasswordResetViewModelTests.SubmitCode_SubmitsCode" computerName="F-HOME" duration="00:00:00.0001315" startTime="2024-06-29T15:36:52.5334810+02:00" endTime="2024-06-29T15:36:52.5334811+02:00" testType="13cdc9d9-ddb5-4fa4-a97d-d965ccfc6d4b" outcome="Passed" testListId="8c84fa94-04c1-424b-9868-57a2d4851a1d" relativeResultsDirectory="3cd59cfb-69f1-4842-8de0-b15044552ff5" />
    <UnitTestResult executionId="d8147b9b-cf7c-4e81-afd0-5e8ff1b0ec47" testId="4ec5a734-4a3b-d328-bbf1-d64c46665a06" testName="SaveUp.Tests.LoginApp.ViewModels.PasswordResetViewModelTests.PasswordResetViewModel_InitializesCorrectly" computerName="F-HOME" duration="00:00:00.0001379" startTime="2024-06-29T15:36:52.5336625+02:00" endTime="2024-06-29T15:36:52.5336626+02:00" testType="13cdc9d9-ddb5-4fa4-a97d-d965ccfc6d4b" outcome="Passed" testListId="8c84fa94-04c1-424b-9868-57a2d4851a1d" relativeResultsDirectory="d8147b9b-cf7c-4e81-afd0-5e8ff1b0ec47" />
    <UnitTestResult executionId="50ffe53a-ea87-4323-be2c-3cb800cce178" testId="c54e2a37-984f-028f-7329-5980e9de3f8f" testName="SaveUp.Tests.ViewModels.SettingsViewModelTests.Should_Logout" computerName="F-HOME" duration="00:00:00.0027996" startTime="2024-06-29T15:36:52.5429359+02:00" endTime="2024-06-29T15:36:52.5429360+02:00" testType="13cdc9d9-ddb5-4fa4-a97d-d965ccfc6d4b" outcome="Passed" testListId="8c84fa94-04c1-424b-9868-57a2d4851a1d" relativeResultsDirectory="50ffe53a-ea87-4323-be2c-3cb800cce178" />
    <UnitTestResult executionId="6f49176e-bb3b-44cf-afaf-cbd73ff88740" testId="17fad4e3-aa61-3549-2fe8-bfe01b4a7fdb" testName="SaveUp.Tests.ViewModels.HomeViewModelTests.LoadItems_CallsGetAllByUserIdAndTimeSpanAsync" computerName="F-HOME" duration="00:00:00.1388098" startTime="2024-06-29T15:36:52.5405887+02:00" endTime="2024-06-29T15:36:52.5405888+02:00" testType="13cdc9d9-ddb5-4fa4-a97d-d965ccfc6d4b" outcome="Passed" testListId="8c84fa94-04c1-424b-9868-57a2d4851a1d" relativeResultsDirectory="6f49176e-bb3b-44cf-afaf-cbd73ff88740" />
    <UnitTestResult executionId="e469aca7-8374-4b7d-aa56-714170035037" testId="656a73b6-f1d4-d76f-a504-fe6acb94aeb2" testName="SaveUp.Tests.ViewModels.SettingsViewModelTests.Should_Change_Theme" computerName="F-HOME" duration="00:00:00.1376948" startTime="2024-06-29T15:36:52.5394866+02:00" endTime="2024-06-29T15:36:52.5394868+02:00" testType="13cdc9d9-ddb5-4fa4-a97d-d965ccfc6d4b" outcome="Passed" testListId="8c84fa94-04c1-424b-9868-57a2d4851a1d" relativeResultsDirectory="e469aca7-8374-4b7d-aa56-714170035037" />
    <UnitTestResult executionId="2a054d08-ff5c-4a7a-99a9-700a727968b9" testId="990b7a28-9fb7-1c7e-4d8c-7b9666502b47" testName="SaveUp.Tests.Models.HttpResponseTests.HttpResponse_ParseError" computerName="F-HOME" duration="00:00:00.0158726" startTime="2024-06-29T15:36:52.5106208+02:00" endTime="2024-06-29T15:36:52.5106208+02:00" testType="13cdc9d9-ddb5-4fa4-a97d-d965ccfc6d4b" outcome="Passed" testListId="8c84fa94-04c1-424b-9868-57a2d4851a1d" relativeResultsDirectory="2a054d08-ff5c-4a7a-99a9-700a727968b9" />
    <UnitTestResult executionId="7af7ab74-5b34-4db8-9819-d80fc8874d6a" testId="142508a6-d052-504c-2b1d-536e1b785841" testName="SaveUp.Tests.LoginApp.ViewModels.PasswordResetViewModelTests.SubmitEmail_ValidEmail_ProceedsToNextStep" computerName="F-HOME" duration="00:00:00.1314410" startTime="2024-06-29T15:36:52.5332931+02:00" endTime="2024-06-29T15:36:52.5332933+02:00" testType="13cdc9d9-ddb5-4fa4-a97d-d965ccfc6d4b" outcome="Passed" testListId="8c84fa94-04c1-424b-9868-57a2d4851a1d" relativeResultsDirectory="7af7ab74-5b34-4db8-9819-d80fc8874d6a" />
    <UnitTestResult executionId="74c152a2-2926-4566-b1c5-652974fa19e6" testId="a442c83a-8d48-2797-cf43-b8e23b57e6a5" testName="SaveUp.Tests.Services.StorageServiceTests.Clear_ShouldClearUserCorrectly" computerName="F-HOME" duration="00:00:00.0915869" startTime="2024-06-29T15:36:52.4972215+02:00" endTime="2024-06-29T15:36:52.4972216+02:00" testType="13cdc9d9-ddb5-4fa4-a97d-d965ccfc6d4b" outcome="Passed" testListId="8c84fa94-04c1-424b-9868-57a2d4851a1d" relativeResultsDirectory="74c152a2-2926-4566-b1c5-652974fa19e6" />
    <UnitTestResult executionId="68ff228c-d347-4be3-81ff-17b6b6811850" testId="3cbe796f-927f-3cf8-3fd0-6d3dd85ea85b" testName="SaveUp.Tests.ViewModels.HomeDetailsViewModelTests.Currency_PropertyChanged" computerName="F-HOME" duration="00:00:00.0018500" startTime="2024-06-29T15:36:52.5474353+02:00" endTime="2024-06-29T15:36:52.5474354+02:00" testType="13cdc9d9-ddb5-4fa4-a97d-d965ccfc6d4b" outcome="Passed" testListId="8c84fa94-04c1-424b-9868-57a2d4851a1d" relativeResultsDirectory="68ff228c-d347-4be3-81ff-17b6b6811850" />
    <UnitTestResult executionId="565244dd-85ef-417d-a4be-6fdd4f50ab01" testId="c359522f-6633-fb21-98a5-1307effa6fc2" testName="SaveUp.Tests.Common.AuthManagerTests.LoginChanged_CalledOnLogin" computerName="F-HOME" duration="00:00:00.0007845" startTime="2024-06-29T15:36:52.4973568+02:00" endTime="2024-06-29T15:36:52.4973568+02:00" testType="13cdc9d9-ddb5-4fa4-a97d-d965ccfc6d4b" outcome="Passed" testListId="8c84fa94-04c1-424b-9868-57a2d4851a1d" relativeResultsDirectory="565244dd-85ef-417d-a4be-6fdd4f50ab01" />
    <UnitTestResult executionId="d044dbd7-b3ca-4ec6-9726-8749318bca57" testId="1014943e-02ed-29e3-c361-cb3b5fb24908" testName="SaveUp.Tests.Models.HttpResponseTests.HttpResponse_ParseSuccess" computerName="F-HOME" duration="00:00:00.0086607" startTime="2024-06-29T15:36:52.5173617+02:00" endTime="2024-06-29T15:36:52.5173618+02:00" testType="13cdc9d9-ddb5-4fa4-a97d-d965ccfc6d4b" outcome="Passed" testListId="8c84fa94-04c1-424b-9868-57a2d4851a1d" relativeResultsDirectory="d044dbd7-b3ca-4ec6-9726-8749318bca57" />
    <UnitTestResult executionId="948459d8-252a-487c-8732-199279ad4636" testId="5d7ea93d-d7d4-e99b-d6aa-39d3ceb54603" testName="SaveUp.Tests.LoginApp.ViewModels.PasswordResetViewModelTests.SubmitPassword_SubmitsPassword" computerName="F-HOME" duration="00:00:00.0000768" startTime="2024-06-29T15:36:52.5337744+02:00" endTime="2024-06-29T15:36:52.5337745+02:00" testType="13cdc9d9-ddb5-4fa4-a97d-d965ccfc6d4b" outcome="Passed" testListId="8c84fa94-04c1-424b-9868-57a2d4851a1d" relativeResultsDirectory="948459d8-252a-487c-8732-199279ad4636" />
    <UnitTestResult executionId="0daa27d4-4b18-4b5f-9510-5c36a21c6340" testId="b43d3857-5595-9a3d-5815-0cf4313d77c9" testName="SaveUp.Tests.ViewModels.AboutViewModelTests.Constructor_InitializesOpenUrlCommand" computerName="F-HOME" duration="00:00:00.0892802" startTime="2024-06-29T15:36:52.4972570+02:00" endTime="2024-06-29T15:36:52.4972571+02:00" testType="13cdc9d9-ddb5-4fa4-a97d-d965ccfc6d4b" outcome="Passed" testListId="8c84fa94-04c1-424b-9868-57a2d4851a1d" relativeResultsDirectory="0daa27d4-4b18-4b5f-9510-5c36a21c6340" />
    <UnitTestResult executionId="5a01a8a3-9aa4-4e71-885f-6483181a05b3" testId="2f0975f9-9f82-b1ac-eaa3-6741c49669cc" testName="SaveUp.Tests.LoginApp.ViewModels.LoginViewModelTests.LoginViewModel_InitializesCorrectly" computerName="F-HOME" duration="00:00:00.0001369" startTime="2024-06-29T15:36:52.5544201+02:00" endTime="2024-06-29T15:36:52.5544201+02:00" testType="13cdc9d9-ddb5-4fa4-a97d-d965ccfc6d4b" outcome="Passed" testListId="8c84fa94-04c1-424b-9868-57a2d4851a1d" relativeResultsDirectory="5a01a8a3-9aa4-4e71-885f-6483181a05b3" />
    <UnitTestResult executionId="c29fdf02-571e-4c43-9f72-cc63388825d4" testId="b068046b-1465-9809-2ff1-84b4a145df4e" testName="SaveUp.Tests.ViewModels.AddViewModelTests.Reset_ShouldClearAllFields" computerName="F-HOME" duration="00:00:00.1330339" startTime="2024-06-29T15:36:52.5347923+02:00" endTime="2024-06-29T15:36:52.5347924+02:00" testType="13cdc9d9-ddb5-4fa4-a97d-d965ccfc6d4b" outcome="Passed" testListId="8c84fa94-04c1-424b-9868-57a2d4851a1d" relativeResultsDirectory="c29fdf02-571e-4c43-9f72-cc63388825d4" />
  </Results>
  <TestDefinitions>
    <UnitTest name="SaveUp.Tests.ViewModels.AboutViewModelTests.Constructor_InitializesOpenUrlCommand" storage="c:\users\fokko\source\repos\ict-335-praxisarbeit\saveup.tests\bin\debug\net8.0\saveup.tests.dll" id="b43d3857-5595-9a3d-5815-0cf4313d77c9">
      <Execution id="0daa27d4-4b18-4b5f-9510-5c36a21c6340" />
      <TestMethod codeBase="C:\Users\fokko\source\repos\ict-335-praxisarbeit\SaveUp.Tests\bin\Debug\net8.0\SaveUp.Tests.dll" adapterTypeName="executor://xunit/VsTestRunner2/netcoreapp" className="SaveUp.Tests.ViewModels.AboutViewModelTests" name="Constructor_InitializesOpenUrlCommand" />
    </UnitTest>
    <UnitTest name="SaveUp.Tests.ViewModels.SettingsViewModelTests.Should_Change_Language" storage="c:\users\fokko\source\repos\ict-335-praxisarbeit\saveup.tests\bin\debug\net8.0\saveup.tests.dll" id="998e869f-5047-08b3-0698-baa62a557dcd">
      <Execution id="708dab3c-d5cb-4aef-a4ed-0224ed565e72" />
      <TestMethod codeBase="C:\Users\fokko\source\repos\ict-335-praxisarbeit\SaveUp.Tests\bin\Debug\net8.0\SaveUp.Tests.dll" adapterTypeName="executor://xunit/VsTestRunner2/netcoreapp" className="SaveUp.Tests.ViewModels.SettingsViewModelTests" name="Should_Change_Language" />
    </UnitTest>
    <UnitTest name="SaveUp.Tests.LoginApp.ViewModels.LoginViewModelTests.LoginCommand_SuccessfulLogin" storage="c:\users\fokko\source\repos\ict-335-praxisarbeit\saveup.tests\bin\debug\net8.0\saveup.tests.dll" id="a4bf3ea2-75a8-84b6-e4dc-453213bd71ec">
      <Execution id="e1b78a20-f326-41d9-b739-9979e0a20fee" />
      <TestMethod codeBase="C:\Users\fokko\source\repos\ict-335-praxisarbeit\SaveUp.Tests\bin\Debug\net8.0\SaveUp.Tests.dll" adapterTypeName="executor://xunit/VsTestRunner2/netcoreapp" className="SaveUp.Tests.LoginApp.ViewModels.LoginViewModelTests" name="LoginCommand_SuccessfulLogin" />
    </UnitTest>
    <UnitTest name="SaveUp.Tests.Common.AuthManagerTests.LoginChanged_CalledOnLogin" storage="c:\users\fokko\source\repos\ict-335-praxisarbeit\saveup.tests\bin\debug\net8.0\saveup.tests.dll" id="c359522f-6633-fb21-98a5-1307effa6fc2">
      <Execution id="565244dd-85ef-417d-a4be-6fdd4f50ab01" />
      <TestMethod codeBase="C:\Users\fokko\source\repos\ict-335-praxisarbeit\SaveUp.Tests\bin\Debug\net8.0\SaveUp.Tests.dll" adapterTypeName="executor://xunit/VsTestRunner2/netcoreapp" className="SaveUp.Tests.Common.AuthManagerTests" name="LoginChanged_CalledOnLogin" />
    </UnitTest>
    <UnitTest name="SaveUp.Tests.LoginApp.ViewModels.PasswordResetViewModelTests.SubmitCode_SubmitsCode" storage="c:\users\fokko\source\repos\ict-335-praxisarbeit\saveup.tests\bin\debug\net8.0\saveup.tests.dll" id="2b58f2d0-547d-2107-3a91-0c8d5d545cf0">
      <Execution id="3cd59cfb-69f1-4842-8de0-b15044552ff5" />
      <TestMethod codeBase="C:\Users\fokko\source\repos\ict-335-praxisarbeit\SaveUp.Tests\bin\Debug\net8.0\SaveUp.Tests.dll" adapterTypeName="executor://xunit/VsTestRunner2/netcoreapp" className="SaveUp.Tests.LoginApp.ViewModels.PasswordResetViewModelTests" name="SubmitCode_SubmitsCode" />
    </UnitTest>
    <UnitTest name="SaveUp.Tests.ViewModels.HomeViewModelTests.LoadItems_CallsGetAllByUserIdAndTimeSpanAsync" storage="c:\users\fokko\source\repos\ict-335-praxisarbeit\saveup.tests\bin\debug\net8.0\saveup.tests.dll" id="17fad4e3-aa61-3549-2fe8-bfe01b4a7fdb">
      <Execution id="6f49176e-bb3b-44cf-afaf-cbd73ff88740" />
      <TestMethod codeBase="C:\Users\fokko\source\repos\ict-335-praxisarbeit\SaveUp.Tests\bin\Debug\net8.0\SaveUp.Tests.dll" adapterTypeName="executor://xunit/VsTestRunner2/netcoreapp" className="SaveUp.Tests.ViewModels.HomeViewModelTests" name="LoadItems_CallsGetAllByUserIdAndTimeSpanAsync" />
    </UnitTest>
    <UnitTest name="SaveUp.Tests.Models.HttpResponseTests.HttpResponse_Failure" storage="c:\users\fokko\source\repos\ict-335-praxisarbeit\saveup.tests\bin\debug\net8.0\saveup.tests.dll" id="14d10e22-138e-1532-1f6e-6a653a369560">
      <Execution id="f81ac176-6bca-4750-9aaa-bc5058c9a0d9" />
      <TestMethod codeBase="C:\Users\fokko\source\repos\ict-335-praxisarbeit\SaveUp.Tests\bin\Debug\net8.0\SaveUp.Tests.dll" adapterTypeName="executor://xunit/VsTestRunner2/netcoreapp" className="SaveUp.Tests.Models.HttpResponseTests" name="HttpResponse_Failure" />
    </UnitTest>
    <UnitTest name="SaveUp.Tests.ViewModels.SettingsViewModelTests.Should_Change_Currency" storage="c:\users\fokko\source\repos\ict-335-praxisarbeit\saveup.tests\bin\debug\net8.0\saveup.tests.dll" id="b23c6d3b-8c2b-e7d4-0639-f1ffcc688a3c">
      <Execution id="1454a2d5-1147-441b-8c37-d3f4399ff351" />
      <TestMethod codeBase="C:\Users\fokko\source\repos\ict-335-praxisarbeit\SaveUp.Tests\bin\Debug\net8.0\SaveUp.Tests.dll" adapterTypeName="executor://xunit/VsTestRunner2/netcoreapp" className="SaveUp.Tests.ViewModels.SettingsViewModelTests" name="Should_Change_Currency" />
    </UnitTest>
    <UnitTest name="SaveUp.Tests.LoginApp.ViewModels.RegisterViewModelTests.Register_PasswordsDoNotMatch_DoesNotCallRegister" storage="c:\users\fokko\source\repos\ict-335-praxisarbeit\saveup.tests\bin\debug\net8.0\saveup.tests.dll" id="472f5cc6-cc03-cf42-f12a-aef952eea450">
      <Execution id="6cc6a13f-d150-45e4-94a2-4a0525cc814b" />
      <TestMethod codeBase="C:\Users\fokko\source\repos\ict-335-praxisarbeit\SaveUp.Tests\bin\Debug\net8.0\SaveUp.Tests.dll" adapterTypeName="executor://xunit/VsTestRunner2/netcoreapp" className="SaveUp.Tests.LoginApp.ViewModels.RegisterViewModelTests" name="Register_PasswordsDoNotMatch_DoesNotCallRegister" />
    </UnitTest>
    <UnitTest name="SaveUp.Tests.Common.AuthManagerTests.SetPropertiesCorrectlyOnLogin" storage="c:\users\fokko\source\repos\ict-335-praxisarbeit\saveup.tests\bin\debug\net8.0\saveup.tests.dll" id="2932998f-f71c-04bb-c4fd-ee07ecce435f">
      <Execution id="26880f5d-c327-4213-83db-55cb2e1395ba" />
      <TestMethod codeBase="C:\Users\fokko\source\repos\ict-335-praxisarbeit\SaveUp.Tests\bin\Debug\net8.0\SaveUp.Tests.dll" adapterTypeName="executor://xunit/VsTestRunner2/netcoreapp" className="SaveUp.Tests.Common.AuthManagerTests" name="SetPropertiesCorrectlyOnLogin" />
    </UnitTest>
    <UnitTest name="SaveUp.Tests.LoginApp.ViewModels.PasswordResetViewModelTests.SubmitEmail_ValidEmail_ProceedsToNextStep" storage="c:\users\fokko\source\repos\ict-335-praxisarbeit\saveup.tests\bin\debug\net8.0\saveup.tests.dll" id="142508a6-d052-504c-2b1d-536e1b785841">
      <Execution id="7af7ab74-5b34-4db8-9819-d80fc8874d6a" />
      <TestMethod codeBase="C:\Users\fokko\source\repos\ict-335-praxisarbeit\SaveUp.Tests\bin\Debug\net8.0\SaveUp.Tests.dll" adapterTypeName="executor://xunit/VsTestRunner2/netcoreapp" className="SaveUp.Tests.LoginApp.ViewModels.PasswordResetViewModelTests" name="SubmitEmail_ValidEmail_ProceedsToNextStep" />
    </UnitTest>
    <UnitTest name="SaveUp.Tests.ViewModels.SettingsViewModelTests.Should_Logout" storage="c:\users\fokko\source\repos\ict-335-praxisarbeit\saveup.tests\bin\debug\net8.0\saveup.tests.dll" id="c54e2a37-984f-028f-7329-5980e9de3f8f">
      <Execution id="50ffe53a-ea87-4323-be2c-3cb800cce178" />
      <TestMethod codeBase="C:\Users\fokko\source\repos\ict-335-praxisarbeit\SaveUp.Tests\bin\Debug\net8.0\SaveUp.Tests.dll" adapterTypeName="executor://xunit/VsTestRunner2/netcoreapp" className="SaveUp.Tests.ViewModels.SettingsViewModelTests" name="Should_Logout" />
    </UnitTest>
    <UnitTest name="SaveUp.Tests.LoginApp.ViewModels.PasswordResetViewModelTests.PasswordResetViewModel_InitializesCorrectly" storage="c:\users\fokko\source\repos\ict-335-praxisarbeit\saveup.tests\bin\debug\net8.0\saveup.tests.dll" id="4ec5a734-4a3b-d328-bbf1-d64c46665a06">
      <Execution id="d8147b9b-cf7c-4e81-afd0-5e8ff1b0ec47" />
      <TestMethod codeBase="C:\Users\fokko\source\repos\ict-335-praxisarbeit\SaveUp.Tests\bin\Debug\net8.0\SaveUp.Tests.dll" adapterTypeName="executor://xunit/VsTestRunner2/netcoreapp" className="SaveUp.Tests.LoginApp.ViewModels.PasswordResetViewModelTests" name="PasswordResetViewModel_InitializesCorrectly" />
    </UnitTest>
    <UnitTest name="SaveUp.Tests.LoginApp.ViewModels.LoginViewModelTests.LoginCommand_FailedLogin_ShowsError" storage="c:\users\fokko\source\repos\ict-335-praxisarbeit\saveup.tests\bin\debug\net8.0\saveup.tests.dll" id="df5dec12-4119-c77c-cf79-2811b15f7597">
      <Execution id="0b25a242-bf39-4558-bf8d-e5a733f815ba" />
      <TestMethod codeBase="C:\Users\fokko\source\repos\ict-335-praxisarbeit\SaveUp.Tests\bin\Debug\net8.0\SaveUp.Tests.dll" adapterTypeName="executor://xunit/VsTestRunner2/netcoreapp" className="SaveUp.Tests.LoginApp.ViewModels.LoginViewModelTests" name="LoginCommand_FailedLogin_ShowsError" />
    </UnitTest>
    <UnitTest name="SaveUp.Tests.Services.StorageServiceTests.Clear_ShouldClearUserCorrectly" storage="c:\users\fokko\source\repos\ict-335-praxisarbeit\saveup.tests\bin\debug\net8.0\saveup.tests.dll" id="a442c83a-8d48-2797-cf43-b8e23b57e6a5">
      <Execution id="74c152a2-2926-4566-b1c5-652974fa19e6" />
      <TestMethod codeBase="C:\Users\fokko\source\repos\ict-335-praxisarbeit\SaveUp.Tests\bin\Debug\net8.0\SaveUp.Tests.dll" adapterTypeName="executor://xunit/VsTestRunner2/netcoreapp" className="SaveUp.Tests.Services.StorageServiceTests" name="Clear_ShouldClearUserCorrectly" />
    </UnitTest>
    <UnitTest name="SaveUp.Tests.Models.HttpResponseTests.HttpResponse_ParseError" storage="c:\users\fokko\source\repos\ict-335-praxisarbeit\saveup.tests\bin\debug\net8.0\saveup.tests.dll" id="990b7a28-9fb7-1c7e-4d8c-7b9666502b47">
      <Execution id="2a054d08-ff5c-4a7a-99a9-700a727968b9" />
      <TestMethod codeBase="C:\Users\fokko\source\repos\ict-335-praxisarbeit\SaveUp.Tests\bin\Debug\net8.0\SaveUp.Tests.dll" adapterTypeName="executor://xunit/VsTestRunner2/netcoreapp" className="SaveUp.Tests.Models.HttpResponseTests" name="HttpResponse_ParseError" />
    </UnitTest>
    <UnitTest name="SaveUp.Tests.Common.AuthManagerTests.LoginChanged_CalledOnLogout" storage="c:\users\fokko\source\repos\ict-335-praxisarbeit\saveup.tests\bin\debug\net8.0\saveup.tests.dll" id="f256a72e-9602-6cea-c882-967cbfae1755">
      <Execution id="60d94af8-959f-469c-afa2-5c024855b5fd" />
      <TestMethod codeBase="C:\Users\fokko\source\repos\ict-335-praxisarbeit\SaveUp.Tests\bin\Debug\net8.0\SaveUp.Tests.dll" adapterTypeName="executor://xunit/VsTestRunner2/netcoreapp" className="SaveUp.Tests.Common.AuthManagerTests" name="LoginChanged_CalledOnLogout" />
    </UnitTest>
    <UnitTest name="SaveUp.Tests.ViewModels.AddViewModelTests.Reset_ShouldClearAllFields" storage="c:\users\fokko\source\repos\ict-335-praxisarbeit\saveup.tests\bin\debug\net8.0\saveup.tests.dll" id="b068046b-1465-9809-2ff1-84b4a145df4e">
      <Execution id="c29fdf02-571e-4c43-9f72-cc63388825d4" />
      <TestMethod codeBase="C:\Users\fokko\source\repos\ict-335-praxisarbeit\SaveUp.Tests\bin\Debug\net8.0\SaveUp.Tests.dll" adapterTypeName="executor://xunit/VsTestRunner2/netcoreapp" className="SaveUp.Tests.ViewModels.AddViewModelTests" name="Reset_ShouldClearAllFields" />
    </UnitTest>
    <UnitTest name="SaveUp.Tests.Common.AuthManagerTests.RemovePropertiesCorrectlyOnLogout" storage="c:\users\fokko\source\repos\ict-335-praxisarbeit\saveup.tests\bin\debug\net8.0\saveup.tests.dll" id="dccbaad6-38e9-bd12-e8f6-d2fdfdac5689">
      <Execution id="0ec88f0a-f4f2-49f7-b5ba-643305369dc7" />
      <TestMethod codeBase="C:\Users\fokko\source\repos\ict-335-praxisarbeit\SaveUp.Tests\bin\Debug\net8.0\SaveUp.Tests.dll" adapterTypeName="executor://xunit/VsTestRunner2/netcoreapp" className="SaveUp.Tests.Common.AuthManagerTests" name="RemovePropertiesCorrectlyOnLogout" />
    </UnitTest>
    <UnitTest name="SaveUp.Tests.ViewModels.HomeDetailsViewModelTests.Currency_PropertyChanged" storage="c:\users\fokko\source\repos\ict-335-praxisarbeit\saveup.tests\bin\debug\net8.0\saveup.tests.dll" id="3cbe796f-927f-3cf8-3fd0-6d3dd85ea85b">
      <Execution id="68ff228c-d347-4be3-81ff-17b6b6811850" />
      <TestMethod codeBase="C:\Users\fokko\source\repos\ict-335-praxisarbeit\SaveUp.Tests\bin\Debug\net8.0\SaveUp.Tests.dll" adapterTypeName="executor://xunit/VsTestRunner2/netcoreapp" className="SaveUp.Tests.ViewModels.HomeDetailsViewModelTests" name="Currency_PropertyChanged" />
    </UnitTest>
    <UnitTest name="SaveUp.Tests.ViewModels.AddViewModelTests.Add_InvalidPrice_ShouldShowAlert" storage="c:\users\fokko\source\repos\ict-335-praxisarbeit\saveup.tests\bin\debug\net8.0\saveup.tests.dll" id="9f12a951-11fe-1c0c-0e7f-57ff885dad10">
      <Execution id="d3efe370-69ed-4dda-903e-f88b3984dbed" />
      <TestMethod codeBase="C:\Users\fokko\source\repos\ict-335-praxisarbeit\SaveUp.Tests\bin\Debug\net8.0\SaveUp.Tests.dll" adapterTypeName="executor://xunit/VsTestRunner2/netcoreapp" className="SaveUp.Tests.ViewModels.AddViewModelTests" name="Add_InvalidPrice_ShouldShowAlert" />
    </UnitTest>
    <UnitTest name="SaveUp.Tests.ViewModels.AddViewModelTests.Add_ValidItem_ShouldResetFieldsAndShowAlert" storage="c:\users\fokko\source\repos\ict-335-praxisarbeit\saveup.tests\bin\debug\net8.0\saveup.tests.dll" id="0396b1b8-7ef8-8f56-6c31-2484b07c4613">
      <Execution id="c153123d-7b2c-4641-9260-986e16989741" />
      <TestMethod codeBase="C:\Users\fokko\source\repos\ict-335-praxisarbeit\SaveUp.Tests\bin\Debug\net8.0\SaveUp.Tests.dll" adapterTypeName="executor://xunit/VsTestRunner2/netcoreapp" className="SaveUp.Tests.ViewModels.AddViewModelTests" name="Add_ValidItem_ShouldResetFieldsAndShowAlert" />
    </UnitTest>
    <UnitTest name="SaveUp.Tests.ViewModels.AddViewModelTests.Add_ApiError_ShouldShowAlertWithErrorMessage" storage="c:\users\fokko\source\repos\ict-335-praxisarbeit\saveup.tests\bin\debug\net8.0\saveup.tests.dll" id="b5b6db2d-dabf-1798-ed1f-6045c382076c">
      <Execution id="a30894fa-060d-4c6d-9475-e30bdd1ff18e" />
      <TestMethod codeBase="C:\Users\fokko\source\repos\ict-335-praxisarbeit\SaveUp.Tests\bin\Debug\net8.0\SaveUp.Tests.dll" adapterTypeName="executor://xunit/VsTestRunner2/netcoreapp" className="SaveUp.Tests.ViewModels.AddViewModelTests" name="Add_ApiError_ShouldShowAlertWithErrorMessage" />
    </UnitTest>
    <UnitTest name="SaveUp.Tests.ViewModels.SettingsViewModelTests.Should_Initialize_SettingsViewModel" storage="c:\users\fokko\source\repos\ict-335-praxisarbeit\saveup.tests\bin\debug\net8.0\saveup.tests.dll" id="833ffe1d-9f65-9893-663d-d5fd109cda8f">
      <Execution id="362ca0fc-a1eb-437a-8945-5cd3df87e180" />
      <TestMethod codeBase="C:\Users\fokko\source\repos\ict-335-praxisarbeit\SaveUp.Tests\bin\Debug\net8.0\SaveUp.Tests.dll" adapterTypeName="executor://xunit/VsTestRunner2/netcoreapp" className="SaveUp.Tests.ViewModels.SettingsViewModelTests" name="Should_Initialize_SettingsViewModel" />
    </UnitTest>
    <UnitTest name="SaveUp.Tests.LoginApp.ViewModels.PasswordResetViewModelTests.SubmitPassword_SubmitsPassword" storage="c:\users\fokko\source\repos\ict-335-praxisarbeit\saveup.tests\bin\debug\net8.0\saveup.tests.dll" id="5d7ea93d-d7d4-e99b-d6aa-39d3ceb54603">
      <Execution id="948459d8-252a-487c-8732-199279ad4636" />
      <TestMethod codeBase="C:\Users\fokko\source\repos\ict-335-praxisarbeit\SaveUp.Tests\bin\Debug\net8.0\SaveUp.Tests.dll" adapterTypeName="executor://xunit/VsTestRunner2/netcoreapp" className="SaveUp.Tests.LoginApp.ViewModels.PasswordResetViewModelTests" name="SubmitPassword_SubmitsPassword" />
    </UnitTest>
    <UnitTest name="SaveUp.Tests.LoginApp.ViewModels.LoginViewModelTests.GotoPasswordReset_ShowsComingSoonMessage" storage="c:\users\fokko\source\repos\ict-335-praxisarbeit\saveup.tests\bin\debug\net8.0\saveup.tests.dll" id="2d788a34-3f59-eb26-d3ea-ec2b1fff4262">
      <Execution id="d456f6df-72ba-423d-8d3e-6e0cc556f8bd" />
      <TestMethod codeBase="C:\Users\fokko\source\repos\ict-335-praxisarbeit\SaveUp.Tests\bin\Debug\net8.0\SaveUp.Tests.dll" adapterTypeName="executor://xunit/VsTestRunner2/netcoreapp" className="SaveUp.Tests.LoginApp.ViewModels.LoginViewModelTests" name="GotoPasswordReset_ShowsComingSoonMessage" />
    </UnitTest>
    <UnitTest name="SaveUp.Tests.Services.StorageServiceTests.StoreUser_ShouldStoreUserCorrectly" storage="c:\users\fokko\source\repos\ict-335-praxisarbeit\saveup.tests\bin\debug\net8.0\saveup.tests.dll" id="16633bb6-ca24-9ce7-f8bc-f6a004552aed">
      <Execution id="37d287e8-fe2d-4f46-a2ee-f0af8ed85d1c" />
      <TestMethod codeBase="C:\Users\fokko\source\repos\ict-335-praxisarbeit\SaveUp.Tests\bin\Debug\net8.0\SaveUp.Tests.dll" adapterTypeName="executor://xunit/VsTestRunner2/netcoreapp" className="SaveUp.Tests.Services.StorageServiceTests" name="StoreUser_ShouldStoreUserCorrectly" />
    </UnitTest>
    <UnitTest name="SaveUp.Tests.Models.HttpResponseTests.HttpResponse_ParseSuccess" storage="c:\users\fokko\source\repos\ict-335-praxisarbeit\saveup.tests\bin\debug\net8.0\saveup.tests.dll" id="1014943e-02ed-29e3-c361-cb3b5fb24908">
      <Execution id="d044dbd7-b3ca-4ec6-9726-8749318bca57" />
      <TestMethod codeBase="C:\Users\fokko\source\repos\ict-335-praxisarbeit\SaveUp.Tests\bin\Debug\net8.0\SaveUp.Tests.dll" adapterTypeName="executor://xunit/VsTestRunner2/netcoreapp" className="SaveUp.Tests.Models.HttpResponseTests" name="HttpResponse_ParseSuccess" />
    </UnitTest>
    <UnitTest name="SaveUp.Tests.LoginApp.ViewModels.RegisterViewModelTests.OnConfirmPasswordChange_PasswordsDoNotMatch_ShowsAlert" storage="c:\users\fokko\source\repos\ict-335-praxisarbeit\saveup.tests\bin\debug\net8.0\saveup.tests.dll" id="00e3f4f1-a9b6-0f1f-50aa-5fcc1d3a6518">
      <Execution id="0ab339ae-a8bb-4a5e-80b4-bcd3476f6fe6" />
      <TestMethod codeBase="C:\Users\fokko\source\repos\ict-335-praxisarbeit\SaveUp.Tests\bin\Debug\net8.0\SaveUp.Tests.dll" adapterTypeName="executor://xunit/VsTestRunner2/netcoreapp" className="SaveUp.Tests.LoginApp.ViewModels.RegisterViewModelTests" name="OnConfirmPasswordChange_PasswordsDoNotMatch_ShowsAlert" />
    </UnitTest>
    <UnitTest name="SaveUp.Tests.ViewModels.HomeDetailsViewModelTests.DeleteCommand_ExecutesDelete" storage="c:\users\fokko\source\repos\ict-335-praxisarbeit\saveup.tests\bin\debug\net8.0\saveup.tests.dll" id="18f8e8c6-8717-a98e-8e4b-9ae1c1c5c301">
      <Execution id="2750779d-c575-43b2-a43f-c3704636a88a" />
      <TestMethod codeBase="C:\Users\fokko\source\repos\ict-335-praxisarbeit\SaveUp.Tests\bin\Debug\net8.0\SaveUp.Tests.dll" adapterTypeName="executor://xunit/VsTestRunner2/netcoreapp" className="SaveUp.Tests.ViewModels.HomeDetailsViewModelTests" name="DeleteCommand_ExecutesDelete" />
    </UnitTest>
    <UnitTest name="SaveUp.Tests.Models.HttpResponseTests.HttpResponse_Success" storage="c:\users\fokko\source\repos\ict-335-praxisarbeit\saveup.tests\bin\debug\net8.0\saveup.tests.dll" id="d3755621-628a-73f0-9582-e2b9d5e254a8">
      <Execution id="35c6645a-cf99-4ef9-a6e1-a43e73112141" />
      <TestMethod codeBase="C:\Users\fokko\source\repos\ict-335-praxisarbeit\SaveUp.Tests\bin\Debug\net8.0\SaveUp.Tests.dll" adapterTypeName="executor://xunit/VsTestRunner2/netcoreapp" className="SaveUp.Tests.Models.HttpResponseTests" name="HttpResponse_Success" />
    </UnitTest>
    <UnitTest name="SaveUp.Tests.LoginApp.ViewModels.LoginViewModelTests.GotoRegister_NavigatesToRegister" storage="c:\users\fokko\source\repos\ict-335-praxisarbeit\saveup.tests\bin\debug\net8.0\saveup.tests.dll" id="09cc2168-599f-5394-db2e-aed487f4224a">
      <Execution id="03d074b5-88b9-4308-b93a-afa0bb42b62b" />
      <TestMethod codeBase="C:\Users\fokko\source\repos\ict-335-praxisarbeit\SaveUp.Tests\bin\Debug\net8.0\SaveUp.Tests.dll" adapterTypeName="executor://xunit/VsTestRunner2/netcoreapp" className="SaveUp.Tests.LoginApp.ViewModels.LoginViewModelTests" name="GotoRegister_NavigatesToRegister" />
    </UnitTest>
    <UnitTest name="SaveUp.Tests.ViewModels.SettingsViewModelTests.Should_Change_Theme" storage="c:\users\fokko\source\repos\ict-335-praxisarbeit\saveup.tests\bin\debug\net8.0\saveup.tests.dll" id="656a73b6-f1d4-d76f-a504-fe6acb94aeb2">
      <Execution id="e469aca7-8374-4b7d-aa56-714170035037" />
      <TestMethod codeBase="C:\Users\fokko\source\repos\ict-335-praxisarbeit\SaveUp.Tests\bin\Debug\net8.0\SaveUp.Tests.dll" adapterTypeName="executor://xunit/VsTestRunner2/netcoreapp" className="SaveUp.Tests.ViewModels.SettingsViewModelTests" name="Should_Change_Theme" />
    </UnitTest>
    <UnitTest name="SaveUp.Tests.ViewModels.AboutViewModelTests.OpenUrl_InvalidUrl_DoesNotOpenUrl" storage="c:\users\fokko\source\repos\ict-335-praxisarbeit\saveup.tests\bin\debug\net8.0\saveup.tests.dll" id="e78b9a29-a530-eab8-47ca-d294f6b0b7fa">
      <Execution id="8574c2cf-4979-4386-bc46-d3a7fdbfc8b8" />
      <TestMethod codeBase="C:\Users\fokko\source\repos\ict-335-praxisarbeit\SaveUp.Tests\bin\Debug\net8.0\SaveUp.Tests.dll" adapterTypeName="executor://xunit/VsTestRunner2/netcoreapp" className="SaveUp.Tests.ViewModels.AboutViewModelTests" name="OpenUrl_InvalidUrl_DoesNotOpenUrl" />
    </UnitTest>
    <UnitTest name="SaveUp.Tests.LoginApp.ViewModels.LoginViewModelTests.ResetLoginState_ResetsState" storage="c:\users\fokko\source\repos\ict-335-praxisarbeit\saveup.tests\bin\debug\net8.0\saveup.tests.dll" id="ae092b6d-ffdd-0ddc-95e8-b5a4ac665470">
      <Execution id="d147036d-0a7f-4f8e-bbad-02cdc3e65ee7" />
      <TestMethod codeBase="C:\Users\fokko\source\repos\ict-335-praxisarbeit\SaveUp.Tests\bin\Debug\net8.0\SaveUp.Tests.dll" adapterTypeName="executor://xunit/VsTestRunner2/netcoreapp" className="SaveUp.Tests.LoginApp.ViewModels.LoginViewModelTests" name="ResetLoginState_ResetsState" />
    </UnitTest>
    <UnitTest name="SaveUp.Tests.LoginApp.ViewModels.LoginViewModelTests.LoginViewModel_InitializesCorrectly" storage="c:\users\fokko\source\repos\ict-335-praxisarbeit\saveup.tests\bin\debug\net8.0\saveup.tests.dll" id="2f0975f9-9f82-b1ac-eaa3-6741c49669cc">
      <Execution id="5a01a8a3-9aa4-4e71-885f-6483181a05b3" />
      <TestMethod codeBase="C:\Users\fokko\source\repos\ict-335-praxisarbeit\SaveUp.Tests\bin\Debug\net8.0\SaveUp.Tests.dll" adapterTypeName="executor://xunit/VsTestRunner2/netcoreapp" className="SaveUp.Tests.LoginApp.ViewModels.LoginViewModelTests" name="LoginViewModel_InitializesCorrectly" />
    </UnitTest>
    <UnitTest name="SaveUp.Tests.LoginApp.ViewModels.RegisterViewModelTests.Register_PasswordsMatch_CallsRegister" storage="c:\users\fokko\source\repos\ict-335-praxisarbeit\saveup.tests\bin\debug\net8.0\saveup.tests.dll" id="02c64f66-f4e0-3075-dbfd-4dcbfba4d4ce">
      <Execution id="75469499-29ce-4cea-b487-816d5ed3099f" />
      <TestMethod codeBase="C:\Users\fokko\source\repos\ict-335-praxisarbeit\SaveUp.Tests\bin\Debug\net8.0\SaveUp.Tests.dll" adapterTypeName="executor://xunit/VsTestRunner2/netcoreapp" className="SaveUp.Tests.LoginApp.ViewModels.RegisterViewModelTests" name="Register_PasswordsMatch_CallsRegister" />
    </UnitTest>
  </TestDefinitions>
  <TestEntries>
    <TestEntry testId="02c64f66-f4e0-3075-dbfd-4dcbfba4d4ce" executionId="75469499-29ce-4cea-b487-816d5ed3099f" testListId="8c84fa94-04c1-424b-9868-57a2d4851a1d" />
    <TestEntry testId="18f8e8c6-8717-a98e-8e4b-9ae1c1c5c301" executionId="2750779d-c575-43b2-a43f-c3704636a88a" testListId="8c84fa94-04c1-424b-9868-57a2d4851a1d" />
    <TestEntry testId="998e869f-5047-08b3-0698-baa62a557dcd" executionId="708dab3c-d5cb-4aef-a4ed-0224ed565e72" testListId="8c84fa94-04c1-424b-9868-57a2d4851a1d" />
    <TestEntry testId="ae092b6d-ffdd-0ddc-95e8-b5a4ac665470" executionId="d147036d-0a7f-4f8e-bbad-02cdc3e65ee7" testListId="8c84fa94-04c1-424b-9868-57a2d4851a1d" />
    <TestEntry testId="df5dec12-4119-c77c-cf79-2811b15f7597" executionId="0b25a242-bf39-4558-bf8d-e5a733f815ba" testListId="8c84fa94-04c1-424b-9868-57a2d4851a1d" />
    <TestEntry testId="09cc2168-599f-5394-db2e-aed487f4224a" executionId="03d074b5-88b9-4308-b93a-afa0bb42b62b" testListId="8c84fa94-04c1-424b-9868-57a2d4851a1d" />
    <TestEntry testId="d3755621-628a-73f0-9582-e2b9d5e254a8" executionId="35c6645a-cf99-4ef9-a6e1-a43e73112141" testListId="8c84fa94-04c1-424b-9868-57a2d4851a1d" />
    <TestEntry testId="00e3f4f1-a9b6-0f1f-50aa-5fcc1d3a6518" executionId="0ab339ae-a8bb-4a5e-80b4-bcd3476f6fe6" testListId="8c84fa94-04c1-424b-9868-57a2d4851a1d" />
    <TestEntry testId="472f5cc6-cc03-cf42-f12a-aef952eea450" executionId="6cc6a13f-d150-45e4-94a2-4a0525cc814b" testListId="8c84fa94-04c1-424b-9868-57a2d4851a1d" />
    <TestEntry testId="0396b1b8-7ef8-8f56-6c31-2484b07c4613" executionId="c153123d-7b2c-4641-9260-986e16989741" testListId="8c84fa94-04c1-424b-9868-57a2d4851a1d" />
    <TestEntry testId="e78b9a29-a530-eab8-47ca-d294f6b0b7fa" executionId="8574c2cf-4979-4386-bc46-d3a7fdbfc8b8" testListId="8c84fa94-04c1-424b-9868-57a2d4851a1d" />
    <TestEntry testId="2d788a34-3f59-eb26-d3ea-ec2b1fff4262" executionId="d456f6df-72ba-423d-8d3e-6e0cc556f8bd" testListId="8c84fa94-04c1-424b-9868-57a2d4851a1d" />
    <TestEntry testId="16633bb6-ca24-9ce7-f8bc-f6a004552aed" executionId="37d287e8-fe2d-4f46-a2ee-f0af8ed85d1c" testListId="8c84fa94-04c1-424b-9868-57a2d4851a1d" />
    <TestEntry testId="14d10e22-138e-1532-1f6e-6a653a369560" executionId="f81ac176-6bca-4750-9aaa-bc5058c9a0d9" testListId="8c84fa94-04c1-424b-9868-57a2d4851a1d" />
    <TestEntry testId="b23c6d3b-8c2b-e7d4-0639-f1ffcc688a3c" executionId="1454a2d5-1147-441b-8c37-d3f4399ff351" testListId="8c84fa94-04c1-424b-9868-57a2d4851a1d" />
    <TestEntry testId="dccbaad6-38e9-bd12-e8f6-d2fdfdac5689" executionId="0ec88f0a-f4f2-49f7-b5ba-643305369dc7" testListId="8c84fa94-04c1-424b-9868-57a2d4851a1d" />
    <TestEntry testId="833ffe1d-9f65-9893-663d-d5fd109cda8f" executionId="362ca0fc-a1eb-437a-8945-5cd3df87e180" testListId="8c84fa94-04c1-424b-9868-57a2d4851a1d" />
    <TestEntry testId="2932998f-f71c-04bb-c4fd-ee07ecce435f" executionId="26880f5d-c327-4213-83db-55cb2e1395ba" testListId="8c84fa94-04c1-424b-9868-57a2d4851a1d" />
    <TestEntry testId="b5b6db2d-dabf-1798-ed1f-6045c382076c" executionId="a30894fa-060d-4c6d-9475-e30bdd1ff18e" testListId="8c84fa94-04c1-424b-9868-57a2d4851a1d" />
    <TestEntry testId="f256a72e-9602-6cea-c882-967cbfae1755" executionId="60d94af8-959f-469c-afa2-5c024855b5fd" testListId="8c84fa94-04c1-424b-9868-57a2d4851a1d" />
    <TestEntry testId="9f12a951-11fe-1c0c-0e7f-57ff885dad10" executionId="d3efe370-69ed-4dda-903e-f88b3984dbed" testListId="8c84fa94-04c1-424b-9868-57a2d4851a1d" />
    <TestEntry testId="a4bf3ea2-75a8-84b6-e4dc-453213bd71ec" executionId="e1b78a20-f326-41d9-b739-9979e0a20fee" testListId="8c84fa94-04c1-424b-9868-57a2d4851a1d" />
    <TestEntry testId="2b58f2d0-547d-2107-3a91-0c8d5d545cf0" executionId="3cd59cfb-69f1-4842-8de0-b15044552ff5" testListId="8c84fa94-04c1-424b-9868-57a2d4851a1d" />
    <TestEntry testId="4ec5a734-4a3b-d328-bbf1-d64c46665a06" executionId="d8147b9b-cf7c-4e81-afd0-5e8ff1b0ec47" testListId="8c84fa94-04c1-424b-9868-57a2d4851a1d" />
    <TestEntry testId="c54e2a37-984f-028f-7329-5980e9de3f8f" executionId="50ffe53a-ea87-4323-be2c-3cb800cce178" testListId="8c84fa94-04c1-424b-9868-57a2d4851a1d" />
    <TestEntry testId="17fad4e3-aa61-3549-2fe8-bfe01b4a7fdb" executionId="6f49176e-bb3b-44cf-afaf-cbd73ff88740" testListId="8c84fa94-04c1-424b-9868-57a2d4851a1d" />
    <TestEntry testId="656a73b6-f1d4-d76f-a504-fe6acb94aeb2" executionId="e469aca7-8374-4b7d-aa56-714170035037" testListId="8c84fa94-04c1-424b-9868-57a2d4851a1d" />
    <TestEntry testId="990b7a28-9fb7-1c7e-4d8c-7b9666502b47" executionId="2a054d08-ff5c-4a7a-99a9-700a727968b9" testListId="8c84fa94-04c1-424b-9868-57a2d4851a1d" />
    <TestEntry testId="142508a6-d052-504c-2b1d-536e1b785841" executionId="7af7ab74-5b34-4db8-9819-d80fc8874d6a" testListId="8c84fa94-04c1-424b-9868-57a2d4851a1d" />
    <TestEntry testId="a442c83a-8d48-2797-cf43-b8e23b57e6a5" executionId="74c152a2-2926-4566-b1c5-652974fa19e6" testListId="8c84fa94-04c1-424b-9868-57a2d4851a1d" />
    <TestEntry testId="3cbe796f-927f-3cf8-3fd0-6d3dd85ea85b" executionId="68ff228c-d347-4be3-81ff-17b6b6811850" testListId="8c84fa94-04c1-424b-9868-57a2d4851a1d" />
    <TestEntry testId="c359522f-6633-fb21-98a5-1307effa6fc2" executionId="565244dd-85ef-417d-a4be-6fdd4f50ab01" testListId="8c84fa94-04c1-424b-9868-57a2d4851a1d" />
    <TestEntry testId="1014943e-02ed-29e3-c361-cb3b5fb24908" executionId="d044dbd7-b3ca-4ec6-9726-8749318bca57" testListId="8c84fa94-04c1-424b-9868-57a2d4851a1d" />
    <TestEntry testId="5d7ea93d-d7d4-e99b-d6aa-39d3ceb54603" executionId="948459d8-252a-487c-8732-199279ad4636" testListId="8c84fa94-04c1-424b-9868-57a2d4851a1d" />
    <TestEntry testId="b43d3857-5595-9a3d-5815-0cf4313d77c9" executionId="0daa27d4-4b18-4b5f-9510-5c36a21c6340" testListId="8c84fa94-04c1-424b-9868-57a2d4851a1d" />
    <TestEntry testId="2f0975f9-9f82-b1ac-eaa3-6741c49669cc" executionId="5a01a8a3-9aa4-4e71-885f-6483181a05b3" testListId="8c84fa94-04c1-424b-9868-57a2d4851a1d" />
    <TestEntry testId="b068046b-1465-9809-2ff1-84b4a145df4e" executionId="c29fdf02-571e-4c43-9f72-cc63388825d4" testListId="8c84fa94-04c1-424b-9868-57a2d4851a1d" />
  </TestEntries>
  <TestLists>
    <TestList name="Ergebnisse nicht in einer Liste" id="8c84fa94-04c1-424b-9868-57a2d4851a1d" />
    <TestList name="Alle geladenen Ergebnisse" id="19431567-8539-422a-85d7-44ee4e166bda" />
  </TestLists>
  <ResultSummary outcome="Completed">
    <Counters total="37" executed="37" passed="37" failed="0" error="0" timeout="0" aborted="0" inconclusive="0" passedButRunAborted="0" notRunnable="0" notExecuted="0" disconnected="0" warning="0" completed="0" inProgress="0" pending="0" />
    <Output>
      <StdOut>[xUnit.net 00:00:00.00] xUnit.net VSTest Adapter v2.5.3.1+6b60a9e56a (64-bit .NET 8.0.5)&#xD;
[xUnit.net 00:00:00.10]   Discovering: SaveUp.Tests&#xD;
[xUnit.net 00:00:00.13]   Discovered:  SaveUp.Tests&#xD;
[xUnit.net 00:00:00.13]   Starting:    SaveUp.Tests&#xD;
[xUnit.net 00:00:00.32]   Finished:    SaveUp.Tests&#xD;
</StdOut>
    </Output>
  </ResultSummary>
</TestRun>